<?xml version="1.0" encoding="UTF-8"?>
<!-- Generated by org.testng.reporters.JUnitReportReporter -->
<testsuite hostname="USBLRSOMEGHANA1" failures="0" tests="2" name="com.usga.qa.tests.AndroidPlayerSearch" time="40.249" errors="1" timestamp="2023-06-28T16:02:30 IST" skipped="1">
  <testcase classname="com.usga.qa.tests.AndroidPlayerSearch" name="testGetStartedButton_Android" time="20.181">
    <skipped/>
  </testcase> <!-- testGetStartedButton_Android -->
  <system-out/>
  <testcase classname="com.usga.qa.tests.AndroidPlayerSearch" name="testGetStartedButton_Android" time="20.068">
    <error message="An element could not be located on the page using the given search parameters.
For documentation on this error, please visit: https://selenium.dev/exceptions/#no_such_element
Build info: version: &#039;4.6.0&#039;, revision: &#039;79f1c02ae20&#039;
System info: os.name: &#039;Mac OS X&#039;, os.arch: &#039;x86_64&#039;, os.version: &#039;13.4.1&#039;, java.version: &#039;19.0.1&#039;
Driver info: io.appium.java_client.android.AndroidDriver
Command: [65dad08d-ff45-416b-843f-d2d9da803649, findElement {using=xpath, value=//android.view.View[@content-desc=&quot;Get Started with the USGA App Button. Double tap to activate&quot;]}]
Capabilities {appium:app: /Users/someghana/eclipse-wo..., appium:appPackage: com.energyaustralia.codingt..., appium:automationName: UiAutomator2, appium:databaseEnabled: false, appium:desired: {app: /Users/someghana/eclipse-wo..., automationName: UiAutomator2, deviceName: Android SDK built for x86, platformName: android, platformVersion: 10}, appium:deviceApiLevel: 29, appium:deviceManufacturer: Google, appium:deviceModel: Android SDK built for x86, appium:deviceName: emulator-5554, appium:deviceScreenDensity: 240, appium:deviceScreenSize: 480x800, appium:deviceUDID: emulator-5554, appium:javascriptEnabled: true, appium:locationContextEnabled: false, appium:networkConnectionEnabled: true, appium:pixelRatio: 1.5, appium:platformVersion: 10, appium:statBarHeight: 36, appium:takesScreenshot: true, appium:viewportRect: {height: 764, left: 0, top: 36, width: 480}, appium:warnings: {}, appium:webStorageEnabled: false, platformName: ANDROID}
Session ID: 65dad08d-ff45-416b-843f-d2d9da803649" type="org.openqa.selenium.NoSuchElementException">
      <![CDATA[org.openqa.selenium.NoSuchElementException: An element could not be located on the page using the given search parameters.
For documentation on this error, please visit: https://selenium.dev/exceptions/#no_such_element
Build info: version: '4.6.0', revision: '79f1c02ae20'
System info: os.name: 'Mac OS X', os.arch: 'x86_64', os.version: '13.4.1', java.version: '19.0.1'
Driver info: io.appium.java_client.android.AndroidDriver
Command: [65dad08d-ff45-416b-843f-d2d9da803649, findElement {using=xpath, value=//android.view.View[@content-desc="Get Started with the USGA App Button. Double tap to activate"]}]
Capabilities {appium:app: /Users/someghana/eclipse-wo..., appium:appPackage: com.energyaustralia.codingt..., appium:automationName: UiAutomator2, appium:databaseEnabled: false, appium:desired: {app: /Users/someghana/eclipse-wo..., automationName: UiAutomator2, deviceName: Android SDK built for x86, platformName: android, platformVersion: 10}, appium:deviceApiLevel: 29, appium:deviceManufacturer: Google, appium:deviceModel: Android SDK built for x86, appium:deviceName: emulator-5554, appium:deviceScreenDensity: 240, appium:deviceScreenSize: 480x800, appium:deviceUDID: emulator-5554, appium:javascriptEnabled: true, appium:locationContextEnabled: false, appium:networkConnectionEnabled: true, appium:pixelRatio: 1.5, appium:platformVersion: 10, appium:statBarHeight: 36, appium:takesScreenshot: true, appium:viewportRect: {height: 764, left: 0, top: 36, width: 480}, appium:warnings: {}, appium:webStorageEnabled: false, platformName: ANDROID}
Session ID: 65dad08d-ff45-416b-843f-d2d9da803649
at java.base/jdk.internal.reflect.DirectConstructorHandleAccessor.newInstance(DirectConstructorHandleAccessor.java:67)
at java.base/java.lang.reflect.Constructor.newInstanceWithCaller(Constructor.java:500)
at java.base/java.lang.reflect.Constructor.newInstance(Constructor.java:484)
at org.openqa.selenium.remote.codec.w3c.W3CHttpResponseCodec.createException(W3CHttpResponseCodec.java:200)
at org.openqa.selenium.remote.codec.w3c.W3CHttpResponseCodec.decode(W3CHttpResponseCodec.java:133)
at org.openqa.selenium.remote.codec.w3c.W3CHttpResponseCodec.decode(W3CHttpResponseCodec.java:53)
at org.openqa.selenium.remote.HttpCommandExecutor.execute(HttpCommandExecutor.java:184)
at io.appium.java_client.remote.AppiumCommandExecutor.execute(AppiumCommandExecutor.java:189)
at org.openqa.selenium.remote.RemoteWebDriver.execute(RemoteWebDriver.java:541)
at org.openqa.selenium.remote.ElementLocation$ElementFinder$2.findElement(ElementLocation.java:162)
at org.openqa.selenium.remote.ElementLocation.findElement(ElementLocation.java:60)
at org.openqa.selenium.remote.RemoteWebDriver.findElement(RemoteWebDriver.java:365)
at org.openqa.selenium.remote.RemoteWebDriver.findElement(RemoteWebDriver.java:357)
at org.openqa.selenium.support.pagefactory.DefaultElementLocator.findElement(DefaultElementLocator.java:68)
at org.openqa.selenium.support.pagefactory.internal.LocatingElementHandler.invoke(LocatingElementHandler.java:38)
at jdk.proxy2/jdk.proxy2.$Proxy17.click(Unknown Source)
at com.usga.qa.androidscreens.GetStartedScreen.clickgetstartedbutton(GetStartedScreen.java:33)
at com.usga.qa.tests.AndroidPlayerSearch.testGetStartedButton_Android(AndroidPlayerSearch.java:36)
at java.base/jdk.internal.reflect.DirectMethodHandleAccessor.invoke(DirectMethodHandleAccessor.java:104)
at java.base/java.lang.reflect.Method.invoke(Method.java:578)
at org.testng.internal.invokers.MethodInvocationHelper.invokeMethod(MethodInvocationHelper.java:139)
at org.testng.internal.invokers.TestInvoker.invokeMethod(TestInvoker.java:677)
at org.testng.internal.invokers.TestInvoker.retryFailed(TestInvoker.java:263)
at org.testng.internal.invokers.MethodRunner.runInSequence(MethodRunner.java:62)
at org.testng.internal.invokers.TestInvoker$MethodInvocationAgent.invoke(TestInvoker.java:962)
at org.testng.internal.invokers.TestInvoker.invokeTestMethods(TestInvoker.java:194)
at org.testng.internal.invokers.TestMethodWorker.invokeTestMethods(TestMethodWorker.java:148)
at org.testng.internal.invokers.TestMethodWorker.run(TestMethodWorker.java:128)
at java.base/java.util.concurrent.ThreadPoolExecutor.runWorker(ThreadPoolExecutor.java:1144)
at java.base/java.util.concurrent.ThreadPoolExecutor$Worker.run(ThreadPoolExecutor.java:642)
at java.base/java.lang.Thread.run(Thread.java:1589)
]]>
    </error>
  </testcase> <!-- testGetStartedButton_Android -->
  <system-out/>
</testsuite> <!-- com.usga.qa.tests.AndroidPlayerSearch -->
